[2018-10-24T16:40:29.029Z] [org.springframework.boot.StartupInfoLogger] [main] [50] [INFO ] Starting App v0.0.1-SNAPSHOT on ANGEL with PID 5400 (C:\Desarrollo\Java\SpringBoot\REST\productService\target\productService-0.0.1-SNAPSHOT.jar started by aplaza in C:\Desarrollo\Java\SpringBoot\REST\productService\target)
[2018-10-24T16:40:29.029Z] [org.springframework.boot.SpringApplication] [main] [671] [INFO ] No active profile set, falling back to default profiles: default
[2018-10-24T16:40:30.030Z] [org.springframework.boot.web.embedded.tomcat.TomcatWebServer] [main] [90] [INFO ] Tomcat initialized with port(s): 9090 (http)
[2018-10-24T16:40:30.030Z] [org.apache.juli.logging.DirectJDKLog] [main] [173] [INFO ] Initializing ProtocolHandler ["http-nio-9090"]
[2018-10-24T16:40:30.030Z] [org.apache.juli.logging.DirectJDKLog] [main] [173] [INFO ] Starting service [Tomcat]
[2018-10-24T16:40:30.030Z] [org.apache.juli.logging.DirectJDKLog] [main] [173] [INFO ] Starting Servlet Engine: Apache Tomcat/9.0.12
[2018-10-24T16:40:30.030Z] [org.apache.juli.logging.DirectJDKLog] [main] [173] [INFO ] The APR based Apache Tomcat Native library which allows optimal performance in production environments was not found on the java.library.path: [C:\Program Files (x86)\Common Files\Oracle\Java\javapath;C:\WINDOWS\Sun\Java\bin;C:\WINDOWS\system32;C:\WINDOWS;C:\Program Files (x86)\Common Files\Oracle\Java\javapath;C:\ProgramData\Oracle\Java\javapath;C:\WINDOWS\system32;C:\WINDOWS;C:\WINDOWS\System32\Wbem;C:\WINDOWS\System32\WindowsPowerShell\v1.0\;C:\Program Files\Microsoft SQL Server\110\DTS\Binn\;C:\Program Files (x86)\Microsoft SQL Server\110\Tools\Binn\;C:\Program Files\Microsoft SQL Server\110\Tools\Binn\;C:\Program Files (x86)\Microsoft SQL Server\110\Tools\Binn\ManagementStudio\;C:\Program Files (x86)\Microsoft Visual Studio 10.0\Common7\IDE\PrivateAssemblies\;C:\Program Files (x86)\Microsoft SQL Server\110\DTS\Binn\;%M2_HOME%\bin;C:\Program Files\TortoiseSVN\bin;C:\Program Files\nodejs\;C:\Program Files\MySQL\MySQL Utilities 1.6\;%JAVA_HOME%\bin;;C:\WINDOWS\System32\OpenSSH\;C:\Program Files\Microsoft VS Code\bin;C:\Users\aplaza\AppData\Local\Microsoft\WindowsApps;C:\apache-maven-3.3.9\bin;;C:\Users\aplaza\AppData\Roaming\npm;C:\Program Files\Microsoft VS Code\bin;.]
[2018-10-24T16:40:31.031Z] [org.apache.juli.logging.DirectJDKLog] [main] [173] [INFO ] Initializing Spring embedded WebApplicationContext
[2018-10-24T16:40:31.031Z] [org.springframework.boot.web.servlet.context.ServletWebServerApplicationContext] [main] [285] [INFO ] Root WebApplicationContext: initialization completed in 1198 ms
[2018-10-24T16:40:31.031Z] [org.springframework.boot.web.servlet.ServletRegistrationBean] [main] [186] [INFO ] Servlet dispatcherServlet mapped to [/]
[2018-10-24T16:40:31.031Z] [org.springframework.boot.web.servlet.AbstractFilterRegistrationBean] [main] [248] [INFO ] Mapping filter: 'characterEncodingFilter' to: [/*]
[2018-10-24T16:40:31.031Z] [org.springframework.scheduling.concurrent.ExecutorConfigurationSupport] [main] [171] [INFO ] Initializing ExecutorService 'applicationTaskExecutor'
[2018-10-24T16:40:31.031Z] [org.apache.juli.logging.DirectJDKLog] [main] [173] [INFO ] Starting ProtocolHandler ["http-nio-9090"]
[2018-10-24T16:40:31.031Z] [org.apache.juli.logging.DirectJDKLog] [main] [173] [INFO ] Using a shared selector for servlet write/read
[2018-10-24T16:40:31.031Z] [org.springframework.boot.web.embedded.tomcat.TomcatWebServer] [main] [204] [INFO ] Tomcat started on port(s): 9090 (http) with context path ''
[2018-10-24T16:40:31.031Z] [org.springframework.boot.StartupInfoLogger] [main] [59] [INFO ] Started App in 2.132 seconds (JVM running for 2.547)
[2018-10-24T16:40:33.033Z] [org.apache.juli.logging.DirectJDKLog] [http-nio-9090-exec-2] [173] [INFO ] Initializing Spring DispatcherServlet 'dispatcherServlet'
[2018-10-24T16:40:33.033Z] [org.springframework.web.servlet.FrameworkServlet] [http-nio-9090-exec-2] [521] [INFO ] Initializing Servlet 'dispatcherServlet'
[2018-10-24T16:40:33.033Z] [org.springframework.web.servlet.FrameworkServlet] [http-nio-9090-exec-2] [543] [INFO ] Completed initialization in 4 ms
[2018-10-24T16:40:33.033Z] [com.example.springboot.rest.productService.ProductServiceController] [http-nio-9090-exec-2] [52] [INFO ] updateProduct: Product[id=3,name=Milk]
[2018-10-24T16:40:33.033Z] [com.example.springboot.rest.productService.ProductServiceController] [http-nio-9090-exec-2] [54] [INFO ] Error: product Id not found (3)
[2018-10-24T16:40:33.033Z] [org.springframework.web.servlet.handler.AbstractHandlerExceptionResolver] [http-nio-9090-exec-2] [140] [WARN ] Resolved [com.example.springboot.rest.exception.ProductNotfoundException]
[2018-10-24T16:43:56.056Z] [org.springframework.scheduling.concurrent.ExecutorConfigurationSupport] [Thread-3] [208] [INFO ] Shutting down ExecutorService 'applicationTaskExecutor'
